<?xml version="1.0" encoding="UTF-8"?>
<!-- Generated by org.testng.reporters.JUnitXMLReporter -->
<testsuite ignored="0" hostname="DESKTOP-T7MUJ4G" failures="0" tests="4" name="Default test" time="70.376" errors="0" timestamp="2023-12-17T19:26:18 EST">
  <testcase classname="demo.TestNGDemoClass" name="FacebookTest" time="15.901"/>
  <testcase classname="demo.TestNGDemoClass" name="GoogleTest" time="16.009"/>
  <testcase classname="demo.TestNGDemo2Class" name="FlipkartTest" time="18.736"/>
  <testcase classname="demo.TestNGDemo2Class" name="MyntraTest" time="16.753"/>
</testsuite> <!-- Default test -->
